<?xml version="1.0" encoding="UTF-8"?>
<!-- Generated by org.testng.reporters.JUnitReportReporter -->
<testsuite skipped="0" hostname="DSK0143" name="itestM.App" tests="1" failures="0" timestamp="29 May 2018 12:46:04 GMT" time="46.892" errors="0">
  <testcase name="testare1" time="46.892" classname="itestM.App"/>
</testsuite> <!-- itestM.App -->
