<?xml version="1.0" encoding="UTF-8"?>
<!-- Generated by org.testng.reporters.JUnitReportReporter -->
<testsuite skipped="0" hostname="Dumitrus-MacBook-Pro.local" name="testN1.App" tests="1" failures="0" timestamp="29 May 2018 20:41:15 GMT" time="18.910" errors="0">
  <testcase name="testare1" time="18.910" classname="testN1.App"/>
</testsuite> <!-- testN1.App -->
