<?xml version="1.0" encoding="UTF-8"?>
<!-- Generated by org.testng.reporters.JUnitReportReporter -->
<testsuite skipped="0" hostname="Dumitrus-MBP" name="testN1.App" tests="1" failures="0" timestamp="31 May 2018 12:04:35 GMT" time="52.738" errors="0">
  <testcase name="testare1" time="52.738" classname="testN1.App"/>
</testsuite> <!-- testN1.App -->
