<?xml version="1.0" encoding="UTF-8"?>
<!-- Generated by org.testng.reporters.JUnitReportReporter -->
<testsuite skipped="0" hostname="DSK0143" name="Ex1.Exercitiu2" tests="1" failures="0" timestamp="09 Feb 2018 07:46:19 GMT" time="5.449" errors="0">
  <testcase name="testUntitledTestCase" time="5.449" classname="Ex1.Exercitiu2"/>
</testsuite> <!-- Ex1.Exercitiu2 -->
