<?xml version="1.0" encoding="UTF-8"?>
<!-- Generated by org.testng.reporters.JUnitReportReporter -->
<testsuite skipped="0" hostname="DSK0143" name="Ex1.HipoTest" tests="1" failures="0" timestamp="12 Feb 2018 13:07:09 GMT" time="4.022" errors="0">
  <testcase name="test" time="4.022" classname="Ex1.HipoTest"/>
</testsuite> <!-- Ex1.HipoTest -->
