<?xml version="1.0" encoding="UTF-8"?>
<!-- Generated by org.testng.reporters.JUnitReportReporter -->
<testsuite skipped="0" hostname="Dumitrus-MacBook-Pro.local" name="testN1.App" tests="1" failures="0" timestamp="30 May 2018 19:32:28 GMT" time="99.080" errors="0">
  <testcase name="testare1" time="99.080" classname="testN1.App"/>
</testsuite> <!-- testN1.App -->
